# JRE version: OpenJDK Runtime Environment AdoptOpenJDK (11.0.8+1) (build 11.0.8+1-202007270708)
# Java VM: Dynamic Code Evolution 64-Bit Server VM AdoptOpenJDK (11.0.8+1-202007270708, mixed mode, tiered, compressed oops, serial gc, windows-amd64)
Heap:
 def new generation   total 156800K, used 32604K [0x0000000602a00000, 0x000000060d420000, 0x00000006ac6a0000)
  eden space 139392K,  20% used [0x0000000602a00000, 0x00000006045d79a0, 0x000000060b220000)
  from space 17408K,  23% used [0x000000060b220000, 0x000000060b61f7f8, 0x000000060c320000)
  to   space 17408K,   0% used [0x000000060c320000, 0x000000060c320000, 0x000000060d420000)
 tenured generation   total 348160K, used 52048K [0x00000006ac6a0000, 0x00000006c1aa0000, 0x0000000800000000)
   the space 348160K,  14% used [0x00000006ac6a0000, 0x00000006af974310, 0x00000006af974400, 0x00000006c1aa0000)
 Metaspace       used 129637K, capacity 133226K, committed 133544K, reserved 1165312K
  class space    used 16254K, capacity 17544K, committed 17664K, reserved 1048576K
GC Heap History (20 events):
Event: 16.133 GC heap before
{Heap before GC invocations=14 (full 3):
 def new generation   total 156800K, used 146235K [0x0000000602a00000, 0x000000060d420000, 0x00000006ac6a0000)
  eden space 139392K, 100% used [0x0000000602a00000, 0x000000060b220000, 0x000000060b220000)
  from space 17408K,  39% used [0x000000060c320000, 0x000000060c9cedc8, 0x000000060d420000)
  to   space 17408K,   0% used [0x000000060b220000, 0x000000060b220000, 0x000000060c320000)
 tenured generation   total 348160K, used 45271K [0x00000006ac6a0000, 0x00000006c1aa0000, 0x0000000800000000)
   the space 348160K,  13% used [0x00000006ac6a0000, 0x00000006af2d5eb8, 0x00000006af2d6000, 0x00000006c1aa0000)
 Metaspace       used 91170K, capacity 92909K, committed 93096K, reserved 1130496K
  class space    used 10972K, capacity 11495K, committed 11520K, reserved 1048576K
}
Event: 16.158 GC heap after
{Heap after GC invocations=15 (full 3):
 def new generation   total 156800K, used 17408K [0x0000000602a00000, 0x000000060d420000, 0x00000006ac6a0000)
  eden space 139392K,   0% used [0x0000000602a00000, 0x0000000602a00000, 0x000000060b220000)
  from space 17408K, 100% used [0x000000060b220000, 0x000000060c320000, 0x000000060c320000)
  to   space 17408K,   0% used [0x000000060c320000, 0x000000060c320000, 0x000000060d420000)
 tenured generation   total 348160K, used 50970K [0x00000006ac6a0000, 0x00000006c1aa0000, 0x0000000800000000)
   the space 348160K,  14% used [0x00000006ac6a0000, 0x00000006af866850, 0x00000006af866a00, 0x00000006c1aa0000)
 Metaspace       used 91170K, capacity 92909K, committed 93096K, reserved 1130496K
  class space    used 10972K, capacity 11495K, committed 11520K, reserved 1048576K
}
Event: 16.724 GC heap before
{Heap before GC invocations=15 (full 3):
 def new generation   total 156800K, used 97486K [0x0000000602a00000, 0x000000060d420000, 0x00000006ac6a0000)
  eden space 139392K,  57% used [0x0000000602a00000, 0x0000000607833970, 0x000000060b220000)
  from space 17408K, 100% used [0x000000060b220000, 0x000000060c320000, 0x000000060c320000)
  to   space 17408K,   0% used [0x000000060c320000, 0x000000060c320000, 0x000000060d420000)
 tenured generation   total 348160K, used 50970K [0x00000006ac6a0000, 0x00000006c1aa0000, 0x0000000800000000)
   the space 348160K,  14% used [0x00000006ac6a0000, 0x00000006af866850, 0x00000006af866a00, 0x00000006c1aa0000)
 Metaspace       used 95870K, capacity 98321K, committed 98416K, reserved 1136640K
  class space    used 11495K, capacity 12126K, committed 12160K, reserved 1048576K
}
Event: 16.820 GC heap after
{Heap after GC invocations=16 (full 4):
 def new generation   total 156800K, used 0K [0x0000000602a00000, 0x000000060d420000, 0x00000006ac6a0000)
  eden space 139392K,   0% used [0x0000000602a00000, 0x0000000602a00000, 0x000000060b220000)
  from space 17408K,   0% used [0x000000060b220000, 0x000000060b220000, 0x000000060c320000)
  to   space 17408K,   0% used [0x000000060c320000, 0x000000060c320000, 0x000000060d420000)
 tenured generation   total 348160K, used 52048K [0x00000006ac6a0000, 0x00000006c1aa0000, 0x0000000800000000)
   the space 348160K,  14% used [0x00000006ac6a0000, 0x00000006af974310, 0x00000006af974400, 0x00000006c1aa0000)
 Metaspace       used 95870K, capacity 98321K, committed 98416K, reserved 1136640K
  class space    used 11495K, capacity 12126K, committed 12160K, reserved 1048576K
}
Event: 17.143 GC heap before
{Heap before GC invocations=16 (full 4):
 def new generation   total 156800K, used 139392K [0x0000000602a00000, 0x000000060d420000, 0x00000006ac6a0000)
  eden space 139392K, 100% used [0x0000000602a00000, 0x000000060b220000, 0x000000060b220000)
  from space 17408K,   0% used [0x000000060b220000, 0x000000060b220000, 0x000000060c320000)
  to   space 17408K,   0% used [0x000000060c320000, 0x000000060c320000, 0x000000060d420000)
 tenured generation   total 348160K, used 52048K [0x00000006ac6a0000, 0x00000006c1aa0000, 0x0000000800000000)
   the space 348160K,  14% used [0x00000006ac6a0000, 0x00000006af974310, 0x00000006af974400, 0x00000006c1aa0000)
 Metaspace       used 102141K, capacity 104913K, committed 105128K, reserved 1140736K
  class space    used 12399K, capacity 13194K, committed 13312K, reserved 1048576K
}
Event: 17.145 GC heap after
{Heap after GC invocations=17 (full 4):
 def new generation   total 156800K, used 900K [0x0000000602a00000, 0x000000060d420000, 0x00000006ac6a0000)
  eden space 139392K,   0% used [0x0000000602a00000, 0x0000000602a00000, 0x000000060b220000)
  from space 17408K,   5% used [0x000000060c320000, 0x000000060c401150, 0x000000060d420000)
  to   space 17408K,   0% used [0x000000060b220000, 0x000000060b220000, 0x000000060c320000)
 tenured generation   total 348160K, used 52048K [0x00000006ac6a0000, 0x00000006c1aa0000, 0x0000000800000000)
   the space 348160K,  14% used [0x00000006ac6a0000, 0x00000006af974310, 0x00000006af974400, 0x00000006c1aa0000)
 Metaspace       used 102141K, capacity 104913K, committed 105128K, reserved 1140736K
  class space    used 12399K, capacity 13194K, committed 13312K, reserved 1048576K
}
Event: 17.968 GC heap before
{Heap before GC invocations=17 (full 4):
 def new generation   total 156800K, used 140292K [0x0000000602a00000, 0x000000060d420000, 0x00000006ac6a0000)
  eden space 139392K, 100% used [0x0000000602a00000, 0x000000060b220000, 0x000000060b220000)
  from space 17408K,   5% used [0x000000060c320000, 0x000000060c401150, 0x000000060d420000)
  to   space 17408K,   0% used [0x000000060b220000, 0x000000060b220000, 0x000000060c320000)
 tenured generation   total 348160K, used 52048K [0x00000006ac6a0000, 0x00000006c1aa0000, 0x0000000800000000)
   the space 348160K,  14% used [0x00000006ac6a0000, 0x00000006af974310, 0x00000006af974400, 0x00000006c1aa0000)
 Metaspace       used 108437K, capacity 111395K, committed 111528K, reserved 1146880K
  class space    used 13342K, capacity 14264K, committed 14336K, reserved 1048576K
}
Event: 17.970 GC heap after
{Heap after GC invocations=18 (full 4):
 def new generation   total 156800K, used 1565K [0x0000000602a00000, 0x000000060d420000, 0x00000006ac6a0000)
  eden space 139392K,   0% used [0x0000000602a00000, 0x0000000602a00000, 0x000000060b220000)
  from space 17408K,   8% used [0x000000060b220000, 0x000000060b3a76e0, 0x000000060c320000)
  to   space 17408K,   0% used [0x000000060c320000, 0x000000060c320000, 0x000000060d420000)
 tenured generation   total 348160K, used 52048K [0x00000006ac6a0000, 0x00000006c1aa0000, 0x0000000800000000)
   the space 348160K,  14% used [0x00000006ac6a0000, 0x00000006af974310, 0x00000006af974400, 0x00000006c1aa0000)
 Metaspace       used 108437K, capacity 111395K, committed 111528K, reserved 1146880K
  class space    used 13342K, capacity 14264K, committed 14336K, reserved 1048576K
}
Event: 18.275 GC heap before
{Heap before GC invocations=18 (full 4):
 def new generation   total 156800K, used 140957K [0x0000000602a00000, 0x000000060d420000, 0x00000006ac6a0000)
  eden space 139392K, 100% used [0x0000000602a00000, 0x000000060b220000, 0x000000060b220000)
  from space 17408K,   8% used [0x000000060b220000, 0x000000060b3a76e0, 0x000000060c320000)
  to   space 17408K,   0% used [0x000000060c320000, 0x000000060c320000, 0x000000060d420000)
 tenured generation   total 348160K, used 52048K [0x00000006ac6a0000, 0x00000006c1aa0000, 0x0000000800000000)
   the space 348160K,  14% used [0x00000006ac6a0000, 0x00000006af974310, 0x00000006af974400, 0x00000006c1aa0000)
 Metaspace       used 114931K, capacity 118059K, committed 118184K, reserved 1153024K
  class space    used 14309K, capacity 15356K, committed 15360K, reserved 1048576K
}
Event: 18.278 GC heap after
{Heap after GC invocations=19 (full 4):
 def new generation   total 156800K, used 2946K [0x0000000602a00000, 0x000000060d420000, 0x00000006ac6a0000)
  eden space 139392K,   0% used [0x0000000602a00000, 0x0000000602a00000, 0x000000060b220000)
  from space 17408K,  16% used [0x000000060c320000, 0x000000060c600aa8, 0x000000060d420000)
  to   space 17408K,   0% used [0x000000060b220000, 0x000000060b220000, 0x000000060c320000)
 tenured generation   total 348160K, used 52048K [0x00000006ac6a0000, 0x00000006c1aa0000, 0x0000000800000000)
   the space 348160K,  14% used [0x00000006ac6a0000, 0x00000006af974310, 0x00000006af974400, 0x00000006c1aa0000)
 Metaspace       used 114931K, capacity 118059K, committed 118184K, reserved 1153024K
  class space    used 14309K, capacity 15356K, committed 15360K, reserved 1048576K
}
Event: 18.564 GC heap before
{Heap before GC invocations=19 (full 4):
 def new generation   total 156800K, used 142338K [0x0000000602a00000, 0x000000060d420000, 0x00000006ac6a0000)
  eden space 139392K, 100% used [0x0000000602a00000, 0x000000060b220000, 0x000000060b220000)
  from space 17408K,  16% used [0x000000060c320000, 0x000000060c600aa8, 0x000000060d420000)
  to   space 17408K,   0% used [0x000000060b220000, 0x000000060b220000, 0x000000060c320000)
 tenured generation   total 348160K, used 52048K [0x00000006ac6a0000, 0x00000006c1aa0000, 0x0000000800000000)
   the space 348160K,  14% used [0x00000006ac6a0000, 0x00000006af974310, 0x00000006af974400, 0x00000006c1aa0000)
 Metaspace       used 121345K, capacity 124573K, committed 124712K, reserved 1157120K
  class space    used 15266K, capacity 16422K, committed 16512K, reserved 1048576K
}
Event: 18.567 GC heap after
{Heap after GC invocations=20 (full 4):
 def new generation   total 156800K, used 2484K [0x0000000602a00000, 0x000000060d420000, 0x00000006ac6a0000)
  eden space 139392K,   0% used [0x0000000602a00000, 0x0000000602a00000, 0x000000060b220000)
  from space 17408K,  14% used [0x000000060b220000, 0x000000060b48d290, 0x000000060c320000)
  to   space 17408K,   0% used [0x000000060c320000, 0x000000060c320000, 0x000000060d420000)
 tenured generation   total 348160K, used 52048K [0x00000006ac6a0000, 0x00000006c1aa0000, 0x0000000800000000)
   the space 348160K,  14% used [0x00000006ac6a0000, 0x00000006af974310, 0x00000006af974400, 0x00000006c1aa0000)
 Metaspace       used 121345K, capacity 124573K, committed 124712K, reserved 1157120K
  class space    used 15266K, capacity 16422K, committed 16512K, reserved 1048576K
}
Event: 36.773 GC heap before
{Heap before GC invocations=20 (full 4):
 def new generation   total 156800K, used 141876K [0x0000000602a00000, 0x000000060d420000, 0x00000006ac6a0000)
  eden space 139392K, 100% used [0x0000000602a00000, 0x000000060b220000, 0x000000060b220000)
  from space 17408K,  14% used [0x000000060b220000, 0x000000060b48d290, 0x000000060c320000)
  to   space 17408K,   0% used [0x000000060c320000, 0x000000060c320000, 0x000000060d420000)
 tenured generation   total 348160K, used 52048K [0x00000006ac6a0000, 0x00000006c1aa0000, 0x0000000800000000)
   the space 348160K,  14% used [0x00000006ac6a0000, 0x00000006af974310, 0x00000006af974400, 0x00000006c1aa0000)
 Metaspace       used 126500K, capacity 129987K, committed 130088K, reserved 1163264K
  class space    used 15976K, capacity 17225K, committed 17280K, reserved 1048576K
}
Event: 36.777 GC heap after
{Heap after GC invocations=21 (full 4):
 def new generation   total 156800K, used 5647K [0x0000000602a00000, 0x000000060d420000, 0x00000006ac6a0000)
  eden space 139392K,   0% used [0x0000000602a00000, 0x0000000602a00000, 0x000000060b220000)
  from space 17408K,  32% used [0x000000060c320000, 0x000000060c8a3f58, 0x000000060d420000)
  to   space 17408K,   0% used [0x000000060b220000, 0x000000060b220000, 0x000000060c320000)
 tenured generation   total 348160K, used 52048K [0x00000006ac6a0000, 0x00000006c1aa0000, 0x0000000800000000)
   the space 348160K,  14% used [0x00000006ac6a0000, 0x00000006af974310, 0x00000006af974400, 0x00000006c1aa0000)
 Metaspace       used 126500K, capacity 129987K, committed 130088K, reserved 1163264K
  class space    used 15976K, capacity 17225K, committed 17280K, reserved 1048576K
}
Event: 172.112 GC heap before
{Heap before GC invocations=21 (full 4):
 def new generation   total 156800K, used 145039K [0x0000000602a00000, 0x000000060d420000, 0x00000006ac6a0000)
  eden space 139392K, 100% used [0x0000000602a00000, 0x000000060b220000, 0x000000060b220000)
  from space 17408K,  32% used [0x000000060c320000, 0x000000060c8a3f58, 0x000000060d420000)
  to   space 17408K,   0% used [0x000000060b220000, 0x000000060b220000, 0x000000060c320000)
 tenured generation   total 348160K, used 52048K [0x00000006ac6a0000, 0x00000006c1aa0000, 0x0000000800000000)
   the space 348160K,  14% used [0x00000006ac6a0000, 0x00000006af974310, 0x00000006af974400, 0x00000006c1aa0000)
 Metaspace       used 127232K, capacity 130727K, committed 130856K, reserved 1163264K
  class space    used 15993K, capacity 17271K, committed 17280K, reserved 1048576K
}
Event: 172.121 GC heap after
{Heap after GC invocations=22 (full 4):
 def new generation   total 156800K, used 3139K [0x0000000602a00000, 0x000000060d420000, 0x00000006ac6a0000)
  eden space 139392K,   0% used [0x0000000602a00000, 0x0000000602a00000, 0x000000060b220000)
  from space 17408K,  18% used [0x000000060b220000, 0x000000060b530e90, 0x000000060c320000)
  to   space 17408K,   0% used [0x000000060c320000, 0x000000060c320000, 0x000000060d420000)
 tenured generation   total 348160K, used 52048K [0x00000006ac6a0000, 0x00000006c1aa0000, 0x0000000800000000)
   the space 348160K,  14% used [0x00000006ac6a0000, 0x00000006af974310, 0x00000006af974400, 0x00000006c1aa0000)
 Metaspace       used 127232K, capacity 130727K, committed 130856K, reserved 1163264K
  class space    used 15993K, capacity 17271K, committed 17280K, reserved 1048576K
}
Event: 173.269 GC heap before
{Heap before GC invocations=22 (full 4):
 def new generation   total 156800K, used 142531K [0x0000000602a00000, 0x000000060d420000, 0x00000006ac6a0000)
  eden space 139392K, 100% used [0x0000000602a00000, 0x000000060b220000, 0x000000060b220000)
  from space 17408K,  18% used [0x000000060b220000, 0x000000060b530e90, 0x000000060c320000)
  to   space 17408K,   0% used [0x000000060c320000, 0x000000060c320000, 0x000000060d420000)
 tenured generation   total 348160K, used 52048K [0x00000006ac6a0000, 0x00000006c1aa0000, 0x0000000800000000)
   the space 348160K,  14% used [0x00000006ac6a0000, 0x00000006af974310, 0x00000006af974400, 0x00000006c1aa0000)
 Metaspace       used 128535K, capacity 132081K, committed 132392K, reserved 1165312K
  class space    used 16148K, capacity 17420K, committed 17536K, reserved 1048576K
}
Event: 173.295 GC heap after
{Heap after GC invocations=23 (full 4):
 def new generation   total 156800K, used 4132K [0x0000000602a00000, 0x000000060d420000, 0x00000006ac6a0000)
  eden space 139392K,   0% used [0x0000000602a00000, 0x0000000602a00000, 0x000000060b220000)
  from space 17408K,  23% used [0x000000060c320000, 0x000000060c729008, 0x000000060d420000)
  to   space 17408K,   0% used [0x000000060b220000, 0x000000060b220000, 0x000000060c320000)
 tenured generation   total 348160K, used 52048K [0x00000006ac6a0000, 0x00000006c1aa0000, 0x0000000800000000)
   the space 348160K,  14% used [0x00000006ac6a0000, 0x00000006af974310, 0x00000006af974400, 0x00000006c1aa0000)
 Metaspace       used 128535K, capacity 132081K, committed 132392K, reserved 1165312K
  class space    used 16148K, capacity 17420K, committed 17536K, reserved 1048576K
}
Event: 174.702 GC heap before
{Heap before GC invocations=23 (full 4):
 def new generation   total 156800K, used 143524K [0x0000000602a00000, 0x000000060d420000, 0x00000006ac6a0000)
  eden space 139392K, 100% used [0x0000000602a00000, 0x000000060b220000, 0x000000060b220000)
  from space 17408K,  23% used [0x000000060c320000, 0x000000060c729008, 0x000000060d420000)
  to   space 17408K,   0% used [0x000000060b220000, 0x000000060b220000, 0x000000060c320000)
 tenured generation   total 348160K, used 52048K [0x00000006ac6a0000, 0x00000006c1aa0000, 0x0000000800000000)
   the space 348160K,  14% used [0x00000006ac6a0000, 0x00000006af974310, 0x00000006af974400, 0x00000006c1aa0000)
 Metaspace       used 129291K, capacity 132884K, committed 132904K, reserved 1165312K
  class space    used 16222K, capacity 17519K, committed 17536K, reserved 1048576K
}
Event: 174.718 GC heap after
{Heap after GC invocations=24 (full 4):
 def new generation   total 156800K, used 4093K [0x0000000602a00000, 0x000000060d420000, 0x00000006ac6a0000)
  eden space 139392K,   0% used [0x0000000602a00000, 0x0000000602a00000, 0x000000060b220000)
  from space 17408K,  23% used [0x000000060b220000, 0x000000060b61f7f8, 0x000000060c320000)
  to   space 17408K,   0% used [0x000000060c320000, 0x000000060c320000, 0x000000060d420000)
 tenured generation   total 348160K, used 52048K [0x00000006ac6a0000, 0x00000006c1aa0000, 0x0000000800000000)
   the space 348160K,  14% used [0x00000006ac6a0000, 0x00000006af974310, 0x00000006af974400, 0x00000006c1aa0000)
 Metaspace       used 129291K, capacity 132884K, committed 132904K, reserved 1165312K
  class space    used 16222K, capacity 17519K, committed 17536K, reserved 1048576K
}

