# JRE version: OpenJDK Runtime Environment AdoptOpenJDK (11.0.8+1) (build 11.0.8+1-202007270708)
# Java VM: Dynamic Code Evolution 64-Bit Server VM AdoptOpenJDK (11.0.8+1-202007270708, mixed mode, tiered, compressed oops, serial gc, windows-amd64)
Heap:
 def new generation   total 156800K, used 30017K [0x0000000602a00000, 0x000000060d420000, 0x00000006ac6a0000)
  eden space 139392K,  20% used [0x0000000602a00000, 0x0000000604581ef0, 0x000000060b220000)
  from space 17408K,  10% used [0x000000060b220000, 0x000000060b3ee8c0, 0x000000060c320000)
  to   space 17408K,   0% used [0x000000060c320000, 0x000000060c320000, 0x000000060d420000)
 tenured generation   total 348160K, used 61889K [0x00000006ac6a0000, 0x00000006c1aa0000, 0x0000000800000000)
   the space 348160K,  17% used [0x00000006ac6a0000, 0x00000006b0310558, 0x00000006b0310600, 0x00000006c1aa0000)
 Metaspace       used 158095K, capacity 163888K, committed 163908K, reserved 1189888K
  class space    used 20701K, capacity 22923K, committed 22940K, reserved 1048576K
GC Heap History (20 events):
Event: 560.432 GC heap before
{Heap before GC invocations=25 (full 4):
 def new generation   total 156800K, used 140440K [0x0000000602a00000, 0x000000060d420000, 0x00000006ac6a0000)
  eden space 139392K, 100% used [0x0000000602a00000, 0x000000060b220000, 0x000000060b220000)
  from space 17408K,   6% used [0x000000060b220000, 0x000000060b3260b0, 0x000000060c320000)
  to   space 17408K,   0% used [0x000000060c320000, 0x000000060c320000, 0x000000060d420000)
 tenured generation   total 348160K, used 53224K [0x00000006ac6a0000, 0x00000006c1aa0000, 0x0000000800000000)
   the space 348160K,  15% used [0x00000006ac6a0000, 0x00000006afa9a2e8, 0x00000006afa9a400, 0x00000006c1aa0000)
 Metaspace       used 144691K, capacity 148898K, committed 149032K, reserved 1177600K
  class space    used 18430K, capacity 20076K, committed 20096K, reserved 1048576K
}
Event: 560.439 GC heap after
{Heap after GC invocations=26 (full 4):
 def new generation   total 156800K, used 8796K [0x0000000602a00000, 0x000000060d420000, 0x00000006ac6a0000)
  eden space 139392K,   0% used [0x0000000602a00000, 0x0000000602a00000, 0x000000060b220000)
  from space 17408K,  50% used [0x000000060c320000, 0x000000060cbb7238, 0x000000060d420000)
  to   space 17408K,   0% used [0x000000060b220000, 0x000000060b220000, 0x000000060c320000)
 tenured generation   total 348160K, used 53224K [0x00000006ac6a0000, 0x00000006c1aa0000, 0x0000000800000000)
   the space 348160K,  15% used [0x00000006ac6a0000, 0x00000006afa9a2e8, 0x00000006afa9a400, 0x00000006c1aa0000)
 Metaspace       used 144691K, capacity 148898K, committed 149032K, reserved 1177600K
  class space    used 18430K, capacity 20076K, committed 20096K, reserved 1048576K
}
Event: 561.693 GC heap before
{Heap before GC invocations=26 (full 4):
 def new generation   total 156800K, used 148188K [0x0000000602a00000, 0x000000060d420000, 0x00000006ac6a0000)
  eden space 139392K, 100% used [0x0000000602a00000, 0x000000060b220000, 0x000000060b220000)
  from space 17408K,  50% used [0x000000060c320000, 0x000000060cbb7238, 0x000000060d420000)
  to   space 17408K,   0% used [0x000000060b220000, 0x000000060b220000, 0x000000060c320000)
 tenured generation   total 348160K, used 53224K [0x00000006ac6a0000, 0x00000006c1aa0000, 0x0000000800000000)
   the space 348160K,  15% used [0x00000006ac6a0000, 0x00000006afa9a2e8, 0x00000006afa9a400, 0x00000006c1aa0000)
 Metaspace       used 149232K, capacity 153622K, committed 153640K, reserved 1181696K
  class space    used 19098K, capacity 20851K, committed 20864K, reserved 1048576K
}
Event: 561.700 GC heap after
{Heap after GC invocations=27 (full 4):
 def new generation   total 156800K, used 9568K [0x0000000602a00000, 0x000000060d420000, 0x00000006ac6a0000)
  eden space 139392K,   0% used [0x0000000602a00000, 0x0000000602a00000, 0x000000060b220000)
  from space 17408K,  54% used [0x000000060b220000, 0x000000060bb78190, 0x000000060c320000)
  to   space 17408K,   0% used [0x000000060c320000, 0x000000060c320000, 0x000000060d420000)
 tenured generation   total 348160K, used 54148K [0x00000006ac6a0000, 0x00000006c1aa0000, 0x0000000800000000)
   the space 348160K,  15% used [0x00000006ac6a0000, 0x00000006afb81390, 0x00000006afb81400, 0x00000006c1aa0000)
 Metaspace       used 149232K, capacity 153622K, committed 153640K, reserved 1181696K
  class space    used 19098K, capacity 20851K, committed 20864K, reserved 1048576K
}
Event: 564.806 GC heap before
{Heap before GC invocations=27 (full 4):
 def new generation   total 156800K, used 148960K [0x0000000602a00000, 0x000000060d420000, 0x00000006ac6a0000)
  eden space 139392K, 100% used [0x0000000602a00000, 0x000000060b220000, 0x000000060b220000)
  from space 17408K,  54% used [0x000000060b220000, 0x000000060bb78190, 0x000000060c320000)
  to   space 17408K,   0% used [0x000000060c320000, 0x000000060c320000, 0x000000060d420000)
 tenured generation   total 348160K, used 54148K [0x00000006ac6a0000, 0x00000006c1aa0000, 0x0000000800000000)
   the space 348160K,  15% used [0x00000006ac6a0000, 0x00000006afb81390, 0x00000006afb81400, 0x00000006c1aa0000)
 Metaspace       used 153720K, capacity 158402K, committed 158504K, reserved 1185792K
  class space    used 19756K, capacity 21619K, committed 21632K, reserved 1048576K
}
Event: 564.813 GC heap after
{Heap after GC invocations=28 (full 4):
 def new generation   total 156800K, used 2246K [0x0000000602a00000, 0x000000060d420000, 0x00000006ac6a0000)
  eden space 139392K,   0% used [0x0000000602a00000, 0x0000000602a00000, 0x000000060b220000)
  from space 17408K,  12% used [0x000000060c320000, 0x000000060c551810, 0x000000060d420000)
  to   space 17408K,   0% used [0x000000060b220000, 0x000000060b220000, 0x000000060c320000)
 tenured generation   total 348160K, used 61889K [0x00000006ac6a0000, 0x00000006c1aa0000, 0x0000000800000000)
   the space 348160K,  17% used [0x00000006ac6a0000, 0x00000006b0310558, 0x00000006b0310600, 0x00000006c1aa0000)
 Metaspace       used 153720K, capacity 158402K, committed 158504K, reserved 1185792K
  class space    used 19756K, capacity 21619K, committed 21632K, reserved 1048576K
}
Event: 1043.675 GC heap before
{Heap before GC invocations=28 (full 4):
 def new generation   total 156800K, used 141638K [0x0000000602a00000, 0x000000060d420000, 0x00000006ac6a0000)
  eden space 139392K,  99% used [0x0000000602a00000, 0x000000060b21fff0, 0x000000060b220000)
  from space 17408K,  12% used [0x000000060c320000, 0x000000060c551810, 0x000000060d420000)
  to   space 17408K,   0% used [0x000000060b220000, 0x000000060b220000, 0x000000060c320000)
 tenured generation   total 348160K, used 61889K [0x00000006ac6a0000, 0x00000006c1aa0000, 0x0000000800000000)
   the space 348160K,  17% used [0x00000006ac6a0000, 0x00000006b0310558, 0x00000006b0310600, 0x00000006c1aa0000)
 Metaspace       used 155060K, capacity 159758K, committed 160040K, reserved 1187840K
  class space    used 19936K, capacity 21818K, committed 21888K, reserved 1048576K
}
Event: 1043.679 GC heap after
{Heap after GC invocations=29 (full 4):
 def new generation   total 156800K, used 1168K [0x0000000602a00000, 0x000000060d420000, 0x00000006ac6a0000)
  eden space 139392K,   0% used [0x0000000602a00000, 0x0000000602a00000, 0x000000060b220000)
  from space 17408K,   6% used [0x000000060b220000, 0x000000060b344368, 0x000000060c320000)
  to   space 17408K,   0% used [0x000000060c320000, 0x000000060c320000, 0x000000060d420000)
 tenured generation   total 348160K, used 61889K [0x00000006ac6a0000, 0x00000006c1aa0000, 0x0000000800000000)
   the space 348160K,  17% used [0x00000006ac6a0000, 0x00000006b0310558, 0x00000006b0310600, 0x00000006c1aa0000)
 Metaspace       used 155060K, capacity 159758K, committed 160040K, reserved 1187840K
  class space    used 19936K, capacity 21818K, committed 21888K, reserved 1048576K
}
Event: 1044.374 GC heap before
{Heap before GC invocations=29 (full 4):
 def new generation   total 156800K, used 140560K [0x0000000602a00000, 0x000000060d420000, 0x00000006ac6a0000)
  eden space 139392K, 100% used [0x0000000602a00000, 0x000000060b220000, 0x000000060b220000)
  from space 17408K,   6% used [0x000000060b220000, 0x000000060b344368, 0x000000060c320000)
  to   space 17408K,   0% used [0x000000060c320000, 0x000000060c320000, 0x000000060d420000)
 tenured generation   total 348160K, used 61889K [0x00000006ac6a0000, 0x00000006c1aa0000, 0x0000000800000000)
   the space 348160K,  17% used [0x00000006ac6a0000, 0x00000006b0310558, 0x00000006b0310600, 0x00000006c1aa0000)
 Metaspace       used 155149K, capacity 159841K, committed 160040K, reserved 1187840K
  class space    used 19940K, capacity 21822K, committed 21888K, reserved 1048576K
}
Event: 1044.377 GC heap after
{Heap after GC invocations=30 (full 4):
 def new generation   total 156800K, used 2209K [0x0000000602a00000, 0x000000060d420000, 0x00000006ac6a0000)
  eden space 139392K,   0% used [0x0000000602a00000, 0x0000000602a00000, 0x000000060b220000)
  from space 17408K,  12% used [0x000000060c320000, 0x000000060c5484b0, 0x000000060d420000)
  to   space 17408K,   0% used [0x000000060b220000, 0x000000060b220000, 0x000000060c320000)
 tenured generation   total 348160K, used 61889K [0x00000006ac6a0000, 0x00000006c1aa0000, 0x0000000800000000)
   the space 348160K,  17% used [0x00000006ac6a0000, 0x00000006b0310558, 0x00000006b0310600, 0x00000006c1aa0000)
 Metaspace       used 155149K, capacity 159841K, committed 160040K, reserved 1187840K
  class space    used 19940K, capacity 21822K, committed 21888K, reserved 1048576K
}
Event: 1047.141 GC heap before
{Heap before GC invocations=30 (full 4):
 def new generation   total 156800K, used 141601K [0x0000000602a00000, 0x000000060d420000, 0x00000006ac6a0000)
  eden space 139392K, 100% used [0x0000000602a00000, 0x000000060b220000, 0x000000060b220000)
  from space 17408K,  12% used [0x000000060c320000, 0x000000060c5484b0, 0x000000060d420000)
  to   space 17408K,   0% used [0x000000060b220000, 0x000000060b220000, 0x000000060c320000)
 tenured generation   total 348160K, used 61889K [0x00000006ac6a0000, 0x00000006c1aa0000, 0x0000000800000000)
   the space 348160K,  17% used [0x00000006ac6a0000, 0x00000006b0310558, 0x00000006b0310600, 0x00000006c1aa0000)
 Metaspace       used 156377K, capacity 161305K, committed 161576K, reserved 1189888K
  class space    used 20181K, capacity 22109K, committed 22144K, reserved 1048576K
}
Event: 1047.155 GC heap after
{Heap after GC invocations=31 (full 4):
 def new generation   total 156800K, used 1360K [0x0000000602a00000, 0x000000060d420000, 0x00000006ac6a0000)
  eden space 139392K,   0% used [0x0000000602a00000, 0x0000000602a00000, 0x000000060b220000)
  from space 17408K,   7% used [0x000000060b220000, 0x000000060b3740c0, 0x000000060c320000)
  to   space 17408K,   0% used [0x000000060c320000, 0x000000060c320000, 0x000000060d420000)
 tenured generation   total 348160K, used 61889K [0x00000006ac6a0000, 0x00000006c1aa0000, 0x0000000800000000)
   the space 348160K,  17% used [0x00000006ac6a0000, 0x00000006b0310558, 0x00000006b0310600, 0x00000006c1aa0000)
 Metaspace       used 156377K, capacity 161305K, committed 161576K, reserved 1189888K
  class space    used 20181K, capacity 22109K, committed 22144K, reserved 1048576K
}
Event: 1049.340 GC heap before
{Heap before GC invocations=31 (full 4):
 def new generation   total 156800K, used 140752K [0x0000000602a00000, 0x000000060d420000, 0x00000006ac6a0000)
  eden space 139392K, 100% used [0x0000000602a00000, 0x000000060b220000, 0x000000060b220000)
  from space 17408K,   7% used [0x000000060b220000, 0x000000060b3740c0, 0x000000060c320000)
  to   space 17408K,   0% used [0x000000060c320000, 0x000000060c320000, 0x000000060d420000)
 tenured generation   total 348160K, used 61889K [0x00000006ac6a0000, 0x00000006c1aa0000, 0x0000000800000000)
   the space 348160K,  17% used [0x00000006ac6a0000, 0x00000006b0310558, 0x00000006b0310600, 0x00000006c1aa0000)
 Metaspace       used 156735K, capacity 161976K, committed 162088K, reserved 1189888K
  class space    used 20310K, capacity 22354K, committed 22400K, reserved 1048576K
}
Event: 1049.348 GC heap after
{Heap after GC invocations=32 (full 4):
 def new generation   total 156800K, used 4135K [0x0000000602a00000, 0x000000060d420000, 0x00000006ac6a0000)
  eden space 139392K,   0% used [0x0000000602a00000, 0x0000000602a00000, 0x000000060b220000)
  from space 17408K,  23% used [0x000000060c320000, 0x000000060c729e60, 0x000000060d420000)
  to   space 17408K,   0% used [0x000000060b220000, 0x000000060b220000, 0x000000060c320000)
 tenured generation   total 348160K, used 61889K [0x00000006ac6a0000, 0x00000006c1aa0000, 0x0000000800000000)
   the space 348160K,  17% used [0x00000006ac6a0000, 0x00000006b0310558, 0x00000006b0310600, 0x00000006c1aa0000)
 Metaspace       used 156735K, capacity 161976K, committed 162088K, reserved 1189888K
  class space    used 20310K, capacity 22354K, committed 22400K, reserved 1048576K
}
Event: 1051.942 GC heap before
{Heap before GC invocations=32 (full 4):
 def new generation   total 156800K, used 143527K [0x0000000602a00000, 0x000000060d420000, 0x00000006ac6a0000)
  eden space 139392K, 100% used [0x0000000602a00000, 0x000000060b220000, 0x000000060b220000)
  from space 17408K,  23% used [0x000000060c320000, 0x000000060c729e60, 0x000000060d420000)
  to   space 17408K,   0% used [0x000000060b220000, 0x000000060b220000, 0x000000060c320000)
 tenured generation   total 348160K, used 61889K [0x00000006ac6a0000, 0x00000006c1aa0000, 0x0000000800000000)
   the space 348160K,  17% used [0x00000006ac6a0000, 0x00000006b0310558, 0x00000006b0310600, 0x00000006c1aa0000)
 Metaspace       used 157091K, capacity 162436K, committed 162728K, reserved 1189888K
  class space    used 20421K, capacity 22486K, committed 22528K, reserved 1048576K
}
Event: 1051.949 GC heap after
{Heap after GC invocations=33 (full 4):
 def new generation   total 156800K, used 1623K [0x0000000602a00000, 0x000000060d420000, 0x00000006ac6a0000)
  eden space 139392K,   0% used [0x0000000602a00000, 0x0000000602a00000, 0x000000060b220000)
  from space 17408K,   9% used [0x000000060b220000, 0x000000060b3b5c58, 0x000000060c320000)
  to   space 17408K,   0% used [0x000000060c320000, 0x000000060c320000, 0x000000060d420000)
 tenured generation   total 348160K, used 61889K [0x00000006ac6a0000, 0x00000006c1aa0000, 0x0000000800000000)
   the space 348160K,  17% used [0x00000006ac6a0000, 0x00000006b0310558, 0x00000006b0310600, 0x00000006c1aa0000)
 Metaspace       used 157091K, capacity 162436K, committed 162728K, reserved 1189888K
  class space    used 20421K, capacity 22486K, committed 22528K, reserved 1048576K
}
Event: 1052.658 GC heap before
{Heap before GC invocations=33 (full 4):
 def new generation   total 156800K, used 141015K [0x0000000602a00000, 0x000000060d420000, 0x00000006ac6a0000)
  eden space 139392K, 100% used [0x0000000602a00000, 0x000000060b220000, 0x000000060b220000)
  from space 17408K,   9% used [0x000000060b220000, 0x000000060b3b5c58, 0x000000060c320000)
  to   space 17408K,   0% used [0x000000060c320000, 0x000000060c320000, 0x000000060d420000)
 tenured generation   total 348160K, used 61889K [0x00000006ac6a0000, 0x00000006c1aa0000, 0x0000000800000000)
   the space 348160K,  17% used [0x00000006ac6a0000, 0x00000006b0310558, 0x00000006b0310600, 0x00000006c1aa0000)
 Metaspace       used 157166K, capacity 162573K, committed 162728K, reserved 1189888K
  class space    used 20437K, capacity 22510K, committed 22528K, reserved 1048576K
}
Event: 1052.664 GC heap after
{Heap after GC invocations=34 (full 4):
 def new generation   total 156800K, used 1825K [0x0000000602a00000, 0x000000060d420000, 0x00000006ac6a0000)
  eden space 139392K,   0% used [0x0000000602a00000, 0x0000000602a00000, 0x000000060b220000)
  from space 17408K,  10% used [0x000000060c320000, 0x000000060c4e87d8, 0x000000060d420000)
  to   space 17408K,   0% used [0x000000060b220000, 0x000000060b220000, 0x000000060c320000)
 tenured generation   total 348160K, used 61889K [0x00000006ac6a0000, 0x00000006c1aa0000, 0x0000000800000000)
   the space 348160K,  17% used [0x00000006ac6a0000, 0x00000006b0310558, 0x00000006b0310600, 0x00000006c1aa0000)
 Metaspace       used 157166K, capacity 162573K, committed 162728K, reserved 1189888K
  class space    used 20437K, capacity 22510K, committed 22528K, reserved 1048576K
}
Event: 1055.509 GC heap before
{Heap before GC invocations=34 (full 4):
 def new generation   total 156800K, used 141217K [0x0000000602a00000, 0x000000060d420000, 0x00000006ac6a0000)
  eden space 139392K, 100% used [0x0000000602a00000, 0x000000060b220000, 0x000000060b220000)
  from space 17408K,  10% used [0x000000060c320000, 0x000000060c4e87d8, 0x000000060d420000)
  to   space 17408K,   0% used [0x000000060b220000, 0x000000060b220000, 0x000000060c320000)
 tenured generation   total 348160K, used 61889K [0x00000006ac6a0000, 0x00000006c1aa0000, 0x0000000800000000)
   the space 348160K,  17% used [0x00000006ac6a0000, 0x00000006b0310558, 0x00000006b0310600, 0x00000006c1aa0000)
 Metaspace       used 157834K, capacity 163579K, committed 163880K, reserved 1189888K
  class space    used 20635K, capacity 22822K, committed 22912K, reserved 1048576K
}
Event: 1055.516 GC heap after
{Heap after GC invocations=35 (full 4):
 def new generation   total 156800K, used 1850K [0x0000000602a00000, 0x000000060d420000, 0x00000006ac6a0000)
  eden space 139392K,   0% used [0x0000000602a00000, 0x0000000602a00000, 0x000000060b220000)
  from space 17408K,  10% used [0x000000060b220000, 0x000000060b3ee8c0, 0x000000060c320000)
  to   space 17408K,   0% used [0x000000060c320000, 0x000000060c320000, 0x000000060d420000)
 tenured generation   total 348160K, used 61889K [0x00000006ac6a0000, 0x00000006c1aa0000, 0x0000000800000000)
   the space 348160K,  17% used [0x00000006ac6a0000, 0x00000006b0310558, 0x00000006b0310600, 0x00000006c1aa0000)
 Metaspace       used 157834K, capacity 163579K, committed 163880K, reserved 1189888K
  class space    used 20635K, capacity 22822K, committed 22912K, reserved 1048576K
}

