# JRE version: OpenJDK Runtime Environment AdoptOpenJDK (11.0.8+1) (build 11.0.8+1-202007270708)
# Java VM: Dynamic Code Evolution 64-Bit Server VM AdoptOpenJDK (11.0.8+1-202007270708, mixed mode, tiered, compressed oops, serial gc, windows-amd64)
Heap:
 def new generation   total 156800K, used 28112K [0x0000000602a00000, 0x000000060d420000, 0x00000006ac6a0000)
  eden space 139392K,  12% used [0x0000000602a00000, 0x0000000603b79b60, 0x000000060b220000)
  from space 17408K,  58% used [0x000000060b220000, 0x000000060bc1a630, 0x000000060c320000)
  to   space 17408K,   0% used [0x000000060c320000, 0x000000060c320000, 0x000000060d420000)
 tenured generation   total 348160K, used 72053K [0x00000006ac6a0000, 0x00000006c1aa0000, 0x0000000800000000)
   the space 348160K,  20% used [0x00000006ac6a0000, 0x00000006b0cfd7f8, 0x00000006b0cfd800, 0x00000006c1aa0000)
 Metaspace       used 174207K, capacity 179239K, committed 179524K, reserved 1204224K
  class space    used 22076K, capacity 23995K, committed 24064K, reserved 1048576K
GC Heap History (20 events):
Event: 726.759 GC heap before
{Heap before GC invocations=24 (full 4):
 def new generation   total 156800K, used 145800K [0x0000000602a00000, 0x000000060d420000, 0x00000006ac6a0000)
  eden space 139392K, 100% used [0x0000000602a00000, 0x000000060b220000, 0x000000060b220000)
  from space 17408K,  36% used [0x000000060c320000, 0x000000060c962080, 0x000000060d420000)
  to   space 17408K,   0% used [0x000000060b220000, 0x000000060b220000, 0x000000060c320000)
 tenured generation   total 348160K, used 46685K [0x00000006ac6a0000, 0x00000006c1aa0000, 0x0000000800000000)
   the space 348160K,  13% used [0x00000006ac6a0000, 0x00000006af4375c0, 0x00000006af437600, 0x00000006c1aa0000)
 Metaspace       used 141953K, capacity 146153K, committed 146344K, reserved 1175552K
  class space    used 18170K, capacity 19681K, committed 19712K, reserved 1048576K
}
Event: 726.768 GC heap after
{Heap after GC invocations=25 (full 4):
 def new generation   total 156800K, used 7930K [0x0000000602a00000, 0x000000060d420000, 0x00000006ac6a0000)
  eden space 139392K,   0% used [0x0000000602a00000, 0x0000000602a00000, 0x000000060b220000)
  from space 17408K,  45% used [0x000000060b220000, 0x000000060b9deba8, 0x000000060c320000)
  to   space 17408K,   0% used [0x000000060c320000, 0x000000060c320000, 0x000000060d420000)
 tenured generation   total 348160K, used 46685K [0x00000006ac6a0000, 0x00000006c1aa0000, 0x0000000800000000)
   the space 348160K,  13% used [0x00000006ac6a0000, 0x00000006af4375c0, 0x00000006af437600, 0x00000006c1aa0000)
 Metaspace       used 141953K, capacity 146153K, committed 146344K, reserved 1175552K
  class space    used 18170K, capacity 19681K, committed 19712K, reserved 1048576K
}
Event: 735.729 GC heap before
{Heap before GC invocations=25 (full 4):
 def new generation   total 156800K, used 147322K [0x0000000602a00000, 0x000000060d420000, 0x00000006ac6a0000)
  eden space 139392K, 100% used [0x0000000602a00000, 0x000000060b220000, 0x000000060b220000)
  from space 17408K,  45% used [0x000000060b220000, 0x000000060b9deba8, 0x000000060c320000)
  to   space 17408K,   0% used [0x000000060c320000, 0x000000060c320000, 0x000000060d420000)
 tenured generation   total 348160K, used 46685K [0x00000006ac6a0000, 0x00000006c1aa0000, 0x0000000800000000)
   the space 348160K,  13% used [0x00000006ac6a0000, 0x00000006af4375c0, 0x00000006af437600, 0x00000006c1aa0000)
 Metaspace       used 147371K, capacity 151522K, committed 151720K, reserved 1179648K
  class space    used 18969K, capacity 20611K, committed 20736K, reserved 1048576K
}
Event: 735.739 GC heap after
{Heap after GC invocations=26 (full 4):
 def new generation   total 156800K, used 13944K [0x0000000602a00000, 0x000000060d420000, 0x00000006ac6a0000)
  eden space 139392K,   0% used [0x0000000602a00000, 0x0000000602a00000, 0x000000060b220000)
  from space 17408K,  80% used [0x000000060c320000, 0x000000060d0be348, 0x000000060d420000)
  to   space 17408K,   0% used [0x000000060b220000, 0x000000060b220000, 0x000000060c320000)
 tenured generation   total 348160K, used 46685K [0x00000006ac6a0000, 0x00000006c1aa0000, 0x0000000800000000)
   the space 348160K,  13% used [0x00000006ac6a0000, 0x00000006af4375c0, 0x00000006af437600, 0x00000006c1aa0000)
 Metaspace       used 147371K, capacity 151522K, committed 151720K, reserved 1179648K
  class space    used 18969K, capacity 20611K, committed 20736K, reserved 1048576K
}
Event: 851.275 GC heap before
{Heap before GC invocations=26 (full 4):
 def new generation   total 156800K, used 153336K [0x0000000602a00000, 0x000000060d420000, 0x00000006ac6a0000)
  eden space 139392K, 100% used [0x0000000602a00000, 0x000000060b220000, 0x000000060b220000)
  from space 17408K,  80% used [0x000000060c320000, 0x000000060d0be348, 0x000000060d420000)
  to   space 17408K,   0% used [0x000000060b220000, 0x000000060b220000, 0x000000060c320000)
 tenured generation   total 348160K, used 46685K [0x00000006ac6a0000, 0x00000006c1aa0000, 0x0000000800000000)
   the space 348160K,  13% used [0x00000006ac6a0000, 0x00000006af4375c0, 0x00000006af437600, 0x00000006c1aa0000)
 Metaspace       used 150381K, capacity 154644K, committed 154920K, reserved 1183744K
  class space    used 19328K, capacity 21002K, committed 21120K, reserved 1048576K
}
Event: 851.288 GC heap after
{Heap after GC invocations=27 (full 4):
 def new generation   total 156800K, used 9174K [0x0000000602a00000, 0x000000060d420000, 0x00000006ac6a0000)
  eden space 139392K,   0% used [0x0000000602a00000, 0x0000000602a00000, 0x000000060b220000)
  from space 17408K,  52% used [0x000000060b220000, 0x000000060bb15aa8, 0x000000060c320000)
  to   space 17408K,   0% used [0x000000060c320000, 0x000000060c320000, 0x000000060d420000)
 tenured generation   total 348160K, used 52076K [0x00000006ac6a0000, 0x00000006c1aa0000, 0x0000000800000000)
   the space 348160K,  14% used [0x00000006ac6a0000, 0x00000006af97b2a0, 0x00000006af97b400, 0x00000006c1aa0000)
 Metaspace       used 150381K, capacity 154644K, committed 154920K, reserved 1183744K
  class space    used 19328K, capacity 21002K, committed 21120K, reserved 1048576K
}
Event: 852.469 GC heap before
{Heap before GC invocations=27 (full 4):
 def new generation   total 156800K, used 148566K [0x0000000602a00000, 0x000000060d420000, 0x00000006ac6a0000)
  eden space 139392K, 100% used [0x0000000602a00000, 0x000000060b220000, 0x000000060b220000)
  from space 17408K,  52% used [0x000000060b220000, 0x000000060bb15aa8, 0x000000060c320000)
  to   space 17408K,   0% used [0x000000060c320000, 0x000000060c320000, 0x000000060d420000)
 tenured generation   total 348160K, used 52076K [0x00000006ac6a0000, 0x00000006c1aa0000, 0x0000000800000000)
   the space 348160K,  14% used [0x00000006ac6a0000, 0x00000006af97b2a0, 0x00000006af97b400, 0x00000006c1aa0000)
 Metaspace       used 157902K, capacity 162167K, committed 162344K, reserved 1189888K
  class space    used 20211K, capacity 21879K, committed 21888K, reserved 1048576K
}
Event: 852.480 GC heap after
{Heap after GC invocations=28 (full 4):
 def new generation   total 156800K, used 12563K [0x0000000602a00000, 0x000000060d420000, 0x00000006ac6a0000)
  eden space 139392K,   0% used [0x0000000602a00000, 0x0000000602a00000, 0x000000060b220000)
  from space 17408K,  72% used [0x000000060c320000, 0x000000060cf64f08, 0x000000060d420000)
  to   space 17408K,   0% used [0x000000060b220000, 0x000000060b220000, 0x000000060c320000)
 tenured generation   total 348160K, used 52637K [0x00000006ac6a0000, 0x00000006c1aa0000, 0x0000000800000000)
   the space 348160K,  15% used [0x00000006ac6a0000, 0x00000006afa076f0, 0x00000006afa07800, 0x00000006c1aa0000)
 Metaspace       used 157902K, capacity 162167K, committed 162344K, reserved 1189888K
  class space    used 20211K, capacity 21879K, committed 21888K, reserved 1048576K
}
Event: 852.700 GC heap before
{Heap before GC invocations=28 (full 4):
 def new generation   total 156800K, used 38370K [0x0000000602a00000, 0x000000060d420000, 0x00000006ac6a0000)
  eden space 139392K,  18% used [0x0000000602a00000, 0x0000000604333ae8, 0x000000060b220000)
  from space 17408K,  72% used [0x000000060c320000, 0x000000060cf64f08, 0x000000060d420000)
  to   space 17408K,   0% used [0x000000060b220000, 0x000000060b220000, 0x000000060c320000)
 tenured generation   total 348160K, used 52637K [0x00000006ac6a0000, 0x00000006c1aa0000, 0x0000000800000000)
   the space 348160K,  15% used [0x00000006ac6a0000, 0x00000006afa076f0, 0x00000006afa07800, 0x00000006c1aa0000)
 Metaspace       used 159612K, capacity 163837K, committed 163908K, reserved 1191936K
  class space    used 20326K, capacity 22008K, committed 22016K, reserved 1048576K
}
Event: 852.787 GC heap after
{Heap after GC invocations=29 (full 5):
 def new generation   total 156800K, used 0K [0x0000000602a00000, 0x000000060d420000, 0x00000006ac6a0000)
  eden space 139392K,   0% used [0x0000000602a00000, 0x0000000602a00000, 0x000000060b220000)
  from space 17408K,   0% used [0x000000060c320000, 0x000000060c320000, 0x000000060d420000)
  to   space 17408K,   0% used [0x000000060b220000, 0x000000060b220000, 0x000000060c320000)
 tenured generation   total 348160K, used 65235K [0x00000006ac6a0000, 0x00000006c1aa0000, 0x0000000800000000)
   the space 348160K,  18% used [0x00000006ac6a0000, 0x00000006b0654d78, 0x00000006b0654e00, 0x00000006c1aa0000)
 Metaspace       used 159612K, capacity 163837K, committed 163908K, reserved 1191936K
  class space    used 20326K, capacity 22008K, committed 22016K, reserved 1048576K
}
Event: 857.225 GC heap before
{Heap before GC invocations=29 (full 5):
 def new generation   total 156800K, used 139392K [0x0000000602a00000, 0x000000060d420000, 0x00000006ac6a0000)
  eden space 139392K, 100% used [0x0000000602a00000, 0x000000060b220000, 0x000000060b220000)
  from space 17408K,   0% used [0x000000060c320000, 0x000000060c320000, 0x000000060d420000)
  to   space 17408K,   0% used [0x000000060b220000, 0x000000060b220000, 0x000000060c320000)
 tenured generation   total 348160K, used 65235K [0x00000006ac6a0000, 0x00000006c1aa0000, 0x0000000800000000)
   the space 348160K,  18% used [0x00000006ac6a0000, 0x00000006b0654d78, 0x00000006b0654e00, 0x00000006c1aa0000)
 Metaspace       used 168144K, capacity 172546K, committed 172868K, reserved 1200128K
  class space    used 21254K, capacity 22964K, committed 23040K, reserved 1048576K
}
Event: 857.236 GC heap after
{Heap after GC invocations=30 (full 5):
 def new generation   total 156800K, used 14349K [0x0000000602a00000, 0x000000060d420000, 0x00000006ac6a0000)
  eden space 139392K,   0% used [0x0000000602a00000, 0x0000000602a00000, 0x000000060b220000)
  from space 17408K,  82% used [0x000000060b220000, 0x000000060c023610, 0x000000060c320000)
  to   space 17408K,   0% used [0x000000060c320000, 0x000000060c320000, 0x000000060d420000)
 tenured generation   total 348160K, used 65235K [0x00000006ac6a0000, 0x00000006c1aa0000, 0x0000000800000000)
   the space 348160K,  18% used [0x00000006ac6a0000, 0x00000006b0654d78, 0x00000006b0654e00, 0x00000006c1aa0000)
 Metaspace       used 168144K, capacity 172546K, committed 172868K, reserved 1200128K
  class space    used 21254K, capacity 22964K, committed 23040K, reserved 1048576K
}
Event: 953.413 GC heap before
{Heap before GC invocations=30 (full 5):
 def new generation   total 156800K, used 153741K [0x0000000602a00000, 0x000000060d420000, 0x00000006ac6a0000)
  eden space 139392K, 100% used [0x0000000602a00000, 0x000000060b220000, 0x000000060b220000)
  from space 17408K,  82% used [0x000000060b220000, 0x000000060c023610, 0x000000060c320000)
  to   space 17408K,   0% used [0x000000060c320000, 0x000000060c320000, 0x000000060d420000)
 tenured generation   total 348160K, used 65235K [0x00000006ac6a0000, 0x00000006c1aa0000, 0x0000000800000000)
   the space 348160K,  18% used [0x00000006ac6a0000, 0x00000006b0654d78, 0x00000006b0654e00, 0x00000006c1aa0000)
 Metaspace       used 171192K, capacity 175652K, committed 175812K, reserved 1202176K
  class space    used 21582K, capacity 23337K, committed 23424K, reserved 1048576K
}
Event: 953.437 GC heap after
{Heap after GC invocations=31 (full 5):
 def new generation   total 156800K, used 5158K [0x0000000602a00000, 0x000000060d420000, 0x00000006ac6a0000)
  eden space 139392K,   0% used [0x0000000602a00000, 0x0000000602a00000, 0x000000060b220000)
  from space 17408K,  29% used [0x000000060c320000, 0x000000060c829840, 0x000000060d420000)
  to   space 17408K,   0% used [0x000000060b220000, 0x000000060b220000, 0x000000060c320000)
 tenured generation   total 348160K, used 72053K [0x00000006ac6a0000, 0x00000006c1aa0000, 0x0000000800000000)
   the space 348160K,  20% used [0x00000006ac6a0000, 0x00000006b0cfd7f8, 0x00000006b0cfd800, 0x00000006c1aa0000)
 Metaspace       used 171192K, capacity 175652K, committed 175812K, reserved 1202176K
  class space    used 21582K, capacity 23337K, committed 23424K, reserved 1048576K
}
Event: 954.595 GC heap before
{Heap before GC invocations=31 (full 5):
 def new generation   total 156800K, used 144550K [0x0000000602a00000, 0x000000060d420000, 0x00000006ac6a0000)
  eden space 139392K, 100% used [0x0000000602a00000, 0x000000060b220000, 0x000000060b220000)
  from space 17408K,  29% used [0x000000060c320000, 0x000000060c829840, 0x000000060d420000)
  to   space 17408K,   0% used [0x000000060b220000, 0x000000060b220000, 0x000000060c320000)
 tenured generation   total 348160K, used 72053K [0x00000006ac6a0000, 0x00000006c1aa0000, 0x0000000800000000)
   the space 348160K,  20% used [0x00000006ac6a0000, 0x00000006b0cfd7f8, 0x00000006b0cfd800, 0x00000006c1aa0000)
 Metaspace       used 172591K, capacity 177125K, committed 177220K, reserved 1204224K
  class space    used 21743K, capacity 23503K, committed 23552K, reserved 1048576K
}
Event: 954.610 GC heap after
{Heap after GC invocations=32 (full 5):
 def new generation   total 156800K, used 4429K [0x0000000602a00000, 0x000000060d420000, 0x00000006ac6a0000)
  eden space 139392K,   0% used [0x0000000602a00000, 0x0000000602a00000, 0x000000060b220000)
  from space 17408K,  25% used [0x000000060b220000, 0x000000060b673408, 0x000000060c320000)
  to   space 17408K,   0% used [0x000000060c320000, 0x000000060c320000, 0x000000060d420000)
 tenured generation   total 348160K, used 72053K [0x00000006ac6a0000, 0x00000006c1aa0000, 0x0000000800000000)
   the space 348160K,  20% used [0x00000006ac6a0000, 0x00000006b0cfd7f8, 0x00000006b0cfd800, 0x00000006c1aa0000)
 Metaspace       used 172591K, capacity 177125K, committed 177220K, reserved 1204224K
  class space    used 21743K, capacity 23503K, committed 23552K, reserved 1048576K
}
Event: 957.474 GC heap before
{Heap before GC invocations=32 (full 5):
 def new generation   total 156800K, used 143821K [0x0000000602a00000, 0x000000060d420000, 0x00000006ac6a0000)
  eden space 139392K, 100% used [0x0000000602a00000, 0x000000060b220000, 0x000000060b220000)
  from space 17408K,  25% used [0x000000060b220000, 0x000000060b673408, 0x000000060c320000)
  to   space 17408K,   0% used [0x000000060c320000, 0x000000060c320000, 0x000000060d420000)
 tenured generation   total 348160K, used 72053K [0x00000006ac6a0000, 0x00000006c1aa0000, 0x0000000800000000)
   the space 348160K,  20% used [0x00000006ac6a0000, 0x00000006b0cfd7f8, 0x00000006b0cfd800, 0x00000006c1aa0000)
 Metaspace       used 173357K, capacity 178183K, committed 178244K, reserved 1204224K
  class space    used 21919K, capacity 23798K, committed 23808K, reserved 1048576K
}
Event: 957.484 GC heap after
{Heap after GC invocations=33 (full 5):
 def new generation   total 156800K, used 4368K [0x0000000602a00000, 0x000000060d420000, 0x00000006ac6a0000)
  eden space 139392K,   0% used [0x0000000602a00000, 0x0000000602a00000, 0x000000060b220000)
  from space 17408K,  25% used [0x000000060c320000, 0x000000060c7643a8, 0x000000060d420000)
  to   space 17408K,   0% used [0x000000060b220000, 0x000000060b220000, 0x000000060c320000)
 tenured generation   total 348160K, used 72053K [0x00000006ac6a0000, 0x00000006c1aa0000, 0x0000000800000000)
   the space 348160K,  20% used [0x00000006ac6a0000, 0x00000006b0cfd7f8, 0x00000006b0cfd800, 0x00000006c1aa0000)
 Metaspace       used 173357K, capacity 178183K, committed 178244K, reserved 1204224K
  class space    used 21919K, capacity 23798K, committed 23808K, reserved 1048576K
}
Event: 960.527 GC heap before
{Heap before GC invocations=33 (full 5):
 def new generation   total 156800K, used 143760K [0x0000000602a00000, 0x000000060d420000, 0x00000006ac6a0000)
  eden space 139392K, 100% used [0x0000000602a00000, 0x000000060b220000, 0x000000060b220000)
  from space 17408K,  25% used [0x000000060c320000, 0x000000060c7643a8, 0x000000060d420000)
  to   space 17408K,   0% used [0x000000060b220000, 0x000000060b220000, 0x000000060c320000)
 tenured generation   total 348160K, used 72053K [0x00000006ac6a0000, 0x00000006c1aa0000, 0x0000000800000000)
   the space 348160K,  20% used [0x00000006ac6a0000, 0x00000006b0cfd7f8, 0x00000006b0cfd800, 0x00000006c1aa0000)
 Metaspace       used 174131K, capacity 179193K, committed 179524K, reserved 1204224K
  class space    used 22060K, capacity 23980K, committed 24064K, reserved 1048576K
}
Event: 960.538 GC heap after
{Heap after GC invocations=34 (full 5):
 def new generation   total 156800K, used 10217K [0x0000000602a00000, 0x000000060d420000, 0x00000006ac6a0000)
  eden space 139392K,   0% used [0x0000000602a00000, 0x0000000602a00000, 0x000000060b220000)
  from space 17408K,  58% used [0x000000060b220000, 0x000000060bc1a630, 0x000000060c320000)
  to   space 17408K,   0% used [0x000000060c320000, 0x000000060c320000, 0x000000060d420000)
 tenured generation   total 348160K, used 72053K [0x00000006ac6a0000, 0x00000006c1aa0000, 0x0000000800000000)
   the space 348160K,  20% used [0x00000006ac6a0000, 0x00000006b0cfd7f8, 0x00000006b0cfd800, 0x00000006c1aa0000)
 Metaspace       used 174131K, capacity 179193K, committed 179524K, reserved 1204224K
  class space    used 22060K, capacity 23980K, committed 24064K, reserved 1048576K
}

